2024-10-27 23:27:05,807 INFO org.apache.hadoop.hdfs.server.namenode.NameNode: STARTUP_MSG: 
/************************************************************
STARTUP_MSG: Starting NameNode
STARTUP_MSG:   host = yuseungjaeui-MacBookPro.local/218.38.137.27
STARTUP_MSG:   args = []
STARTUP_MSG:   version = 2.7.6
STARTUP_MSG:   classpath = /Users/yoosj/Desktop/datapipe/venv1/Storage/hadoop-2.7.6/etc/hadoop:/Users/yoosj/Desktop/datapipe/venv1/Storage/hadoop-2.7.6/share/hadoop/common/lib/jaxb-impl-2.2.3-1.jar:/Users/yoosj/Desktop/datapipe/venv1/Storage/hadoop-2.7.6/share/hadoop/common/lib/activation-1.1.jar:/Users/yoosj/Desktop/datapipe/venv1/Storage/hadoop-2.7.6/share/hadoop/common/lib/hadoop-annotations-2.7.6.jar:/Users/yoosj/Desktop/datapipe/venv1/Storage/hadoop-2.7.6/share/hadoop/common/lib/commons-configuration-1.6.jar:/Users/yoosj/Desktop/datapipe/venv1/Storage/hadoop-2.7.6/share/hadoop/common/lib/commons-beanutils-1.7.0.jar:/Users/yoosj/Desktop/datapipe/venv1/Storage/hadoop-2.7.6/share/hadoop/common/lib/hadoop-auth-2.7.6.jar:/Users/yoosj/Desktop/datapipe/venv1/Storage/hadoop-2.7.6/share/hadoop/common/lib/xz-1.0.jar:/Users/yoosj/Desktop/datapipe/venv1/Storage/hadoop-2.7.6/share/hadoop/common/lib/junit-4.11.jar:/Users/yoosj/Desktop/datapipe/venv1/Storage/hadoop-2.7.6/share/hadoop/common/lib/commons-httpclient-3.1.jar:/Users/yoosj/Desktop/datapipe/venv1/Storage/hadoop-2.7.6/share/hadoop/common/lib/stax-api-1.0-2.jar:/Users/yoosj/Desktop/datapipe/venv1/Storage/hadoop-2.7.6/share/hadoop/common/lib/apacheds-i18n-2.0.0-M15.jar:/Users/yoosj/Desktop/datapipe/venv1/Storage/hadoop-2.7.6/share/hadoop/common/lib/httpclient-4.2.5.jar:/Users/yoosj/Desktop/datapipe/venv1/Storage/hadoop-2.7.6/share/hadoop/common/lib/jaxb-api-2.2.2.jar:/Users/yoosj/Desktop/datapipe/venv1/Storage/hadoop-2.7.6/share/hadoop/common/lib/mockito-all-1.8.5.jar:/Users/yoosj/Desktop/datapipe/venv1/Storage/hadoop-2.7.6/share/hadoop/common/lib/jackson-jaxrs-1.9.13.jar:/Users/yoosj/Desktop/datapipe/venv1/Storage/hadoop-2.7.6/share/hadoop/common/lib/commons-logging-1.1.3.jar:/Users/yoosj/Desktop/datapipe/venv1/Storage/hadoop-2.7.6/share/hadoop/common/lib/curator-recipes-2.7.1.jar:/Users/yoosj/Desktop/datapipe/venv1/Storage/hadoop-2.7.6/share/hadoop/common/lib/jetty-sslengine-6.1.26.jar:/Users/yoosj/Desktop/datapipe/venv1/Storage/hadoop-2.7.6/share/hadoop/common/lib/jersey-json-1.9.jar:/Users/yoosj/Desktop/datapipe/venv1/Storage/hadoop-2.7.6/share/hadoop/common/lib/avro-1.7.4.jar:/Users/yoosj/Desktop/datapipe/venv1/Storage/hadoop-2.7.6/share/hadoop/common/lib/log4j-1.2.17.jar:/Users/yoosj/Desktop/datapipe/venv1/Storage/hadoop-2.7.6/share/hadoop/common/lib/commons-cli-1.2.jar:/Users/yoosj/Desktop/datapipe/venv1/Storage/hadoop-2.7.6/share/hadoop/common/lib/commons-digester-1.8.jar:/Users/yoosj/Desktop/datapipe/venv1/Storage/hadoop-2.7.6/share/hadoop/common/lib/servlet-api-2.5.jar:/Users/yoosj/Desktop/datapipe/venv1/Storage/hadoop-2.7.6/share/hadoop/common/lib/protobuf-java-2.5.0.jar:/Users/yoosj/Desktop/datapipe/venv1/Storage/hadoop-2.7.6/share/hadoop/common/lib/xmlenc-0.52.jar:/Users/yoosj/Desktop/datapipe/venv1/Storage/hadoop-2.7.6/share/hadoop/common/lib/jackson-xc-1.9.13.jar:/Users/yoosj/Desktop/datapipe/venv1/Storage/hadoop-2.7.6/share/hadoop/common/lib/jetty-util-6.1.26.jar:/Users/yoosj/Desktop/datapipe/venv1/Storage/hadoop-2.7.6/share/hadoop/common/lib/guava-11.0.2.jar:/Users/yoosj/Desktop/datapipe/venv1/Storage/hadoop-2.7.6/share/hadoop/common/lib/commons-compress-1.4.1.jar:/Users/yoosj/Desktop/datapipe/venv1/Storage/hadoop-2.7.6/share/hadoop/common/lib/commons-io-2.4.jar:/Users/yoosj/Desktop/datapipe/venv1/Storage/hadoop-2.7.6/share/hadoop/common/lib/jackson-core-asl-1.9.13.jar:/Users/yoosj/Desktop/datapipe/venv1/Storage/hadoop-2.7.6/share/hadoop/common/lib/jersey-core-1.9.jar:/Users/yoosj/Desktop/datapipe/venv1/Storage/hadoop-2.7.6/share/hadoop/common/lib/jsp-api-2.1.jar:/Users/yoosj/Desktop/datapipe/venv1/Storage/hadoop-2.7.6/share/hadoop/common/lib/commons-codec-1.4.jar:/Users/yoosj/Desktop/datapipe/venv1/Storage/hadoop-2.7.6/share/hadoop/common/lib/netty-3.6.2.Final.jar:/Users/yoosj/Desktop/datapipe/venv1/Storage/hadoop-2.7.6/share/hadoop/common/lib/jetty-6.1.26.jar:/Users/yoosj/Desktop/datapipe/venv1/Storage/hadoop-2.7.6/share/hadoop/common/lib/commons-beanutils-core-1.8.0.jar:/Users/yoosj/Desktop/datapipe/venv1/Storage/hadoop-2.7.6/share/hadoop/common/lib/jersey-server-1.9.jar:/Users/yoosj/Desktop/datapipe/venv1/Storage/hadoop-2.7.6/share/hadoop/common/lib/java-xmlbuilder-0.4.jar:/Users/yoosj/Desktop/datapipe/venv1/Storage/hadoop-2.7.6/share/hadoop/common/lib/paranamer-2.3.jar:/Users/yoosj/Desktop/datapipe/venv1/Storage/hadoop-2.7.6/share/hadoop/common/lib/zookeeper-3.4.6.jar:/Users/yoosj/Desktop/datapipe/venv1/Storage/hadoop-2.7.6/share/hadoop/common/lib/commons-collections-3.2.2.jar:/Users/yoosj/Desktop/datapipe/venv1/Storage/hadoop-2.7.6/share/hadoop/common/lib/jettison-1.1.jar:/Users/yoosj/Desktop/datapipe/venv1/Storage/hadoop-2.7.6/share/hadoop/common/lib/asm-3.2.jar:/Users/yoosj/Desktop/datapipe/venv1/Storage/hadoop-2.7.6/share/hadoop/common/lib/api-asn1-api-1.0.0-M20.jar:/Users/yoosj/Desktop/datapipe/venv1/Storage/hadoop-2.7.6/share/hadoop/common/lib/apacheds-kerberos-codec-2.0.0-M15.jar:/Users/yoosj/Desktop/datapipe/venv1/Storage/hadoop-2.7.6/share/hadoop/common/lib/hamcrest-core-1.3.jar:/Users/yoosj/Desktop/datapipe/venv1/Storage/hadoop-2.7.6/share/hadoop/common/lib/jsch-0.1.54.jar:/Users/yoosj/Desktop/datapipe/venv1/Storage/hadoop-2.7.6/share/hadoop/common/lib/api-util-1.0.0-M20.jar:/Users/yoosj/Desktop/datapipe/venv1/Storage/hadoop-2.7.6/share/hadoop/common/lib/curator-framework-2.7.1.jar:/Users/yoosj/Desktop/datapipe/venv1/Storage/hadoop-2.7.6/share/hadoop/common/lib/commons-net-3.1.jar:/Users/yoosj/Desktop/datapipe/venv1/Storage/hadoop-2.7.6/share/hadoop/common/lib/gson-2.2.4.jar:/Users/yoosj/Desktop/datapipe/venv1/Storage/hadoop-2.7.6/share/hadoop/common/lib/slf4j-log4j12-1.7.10.jar:/Users/yoosj/Desktop/datapipe/venv1/Storage/hadoop-2.7.6/share/hadoop/common/lib/jets3t-0.9.0.jar:/Users/yoosj/Desktop/datapipe/venv1/Storage/hadoop-2.7.6/share/hadoop/common/lib/commons-lang-2.6.jar:/Users/yoosj/Desktop/datapipe/venv1/Storage/hadoop-2.7.6/share/hadoop/common/lib/snappy-java-1.0.4.1.jar:/Users/yoosj/Desktop/datapipe/venv1/Storage/hadoop-2.7.6/share/hadoop/common/lib/jackson-mapper-asl-1.9.13.jar:/Users/yoosj/Desktop/datapipe/venv1/Storage/hadoop-2.7.6/share/hadoop/common/lib/commons-math3-3.1.1.jar:/Users/yoosj/Desktop/datapipe/venv1/Storage/hadoop-2.7.6/share/hadoop/common/lib/httpcore-4.2.5.jar:/Users/yoosj/Desktop/datapipe/venv1/Storage/hadoop-2.7.6/share/hadoop/common/lib/htrace-core-3.1.0-incubating.jar:/Users/yoosj/Desktop/datapipe/venv1/Storage/hadoop-2.7.6/share/hadoop/common/lib/jsr305-3.0.0.jar:/Users/yoosj/Desktop/datapipe/venv1/Storage/hadoop-2.7.6/share/hadoop/common/lib/slf4j-api-1.7.10.jar:/Users/yoosj/Desktop/datapipe/venv1/Storage/hadoop-2.7.6/share/hadoop/common/lib/curator-client-2.7.1.jar:/Users/yoosj/Desktop/datapipe/venv1/Storage/hadoop-2.7.6/share/hadoop/common/hadoop-nfs-2.7.6.jar:/Users/yoosj/Desktop/datapipe/venv1/Storage/hadoop-2.7.6/share/hadoop/common/hadoop-common-2.7.6-tests.jar:/Users/yoosj/Desktop/datapipe/venv1/Storage/hadoop-2.7.6/share/hadoop/common/hadoop-common-2.7.6.jar:/Users/yoosj/Desktop/datapipe/venv1/Storage/hadoop-2.7.6/share/hadoop/hdfs:/Users/yoosj/Desktop/datapipe/venv1/Storage/hadoop-2.7.6/share/hadoop/hdfs/lib/xercesImpl-2.9.1.jar:/Users/yoosj/Desktop/datapipe/venv1/Storage/hadoop-2.7.6/share/hadoop/hdfs/lib/commons-logging-1.1.3.jar:/Users/yoosj/Desktop/datapipe/venv1/Storage/hadoop-2.7.6/share/hadoop/hdfs/lib/log4j-1.2.17.jar:/Users/yoosj/Desktop/datapipe/venv1/Storage/hadoop-2.7.6/share/hadoop/hdfs/lib/commons-cli-1.2.jar:/Users/yoosj/Desktop/datapipe/venv1/Storage/hadoop-2.7.6/share/hadoop/hdfs/lib/xml-apis-1.3.04.jar:/Users/yoosj/Desktop/datapipe/venv1/Storage/hadoop-2.7.6/share/hadoop/hdfs/lib/servlet-api-2.5.jar:/Users/yoosj/Desktop/datapipe/venv1/Storage/hadoop-2.7.6/share/hadoop/hdfs/lib/protobuf-java-2.5.0.jar:/Users/yoosj/Desktop/datapipe/venv1/Storage/hadoop-2.7.6/share/hadoop/hdfs/lib/xmlenc-0.52.jar:/Users/yoosj/Desktop/datapipe/venv1/Storage/hadoop-2.7.6/share/hadoop/hdfs/lib/jetty-util-6.1.26.jar:/Users/yoosj/Desktop/datapipe/venv1/Storage/hadoop-2.7.6/share/hadoop/hdfs/lib/guava-11.0.2.jar:/Users/yoosj/Desktop/datapipe/venv1/Storage/hadoop-2.7.6/share/hadoop/hdfs/lib/commons-io-2.4.jar:/Users/yoosj/Desktop/datapipe/venv1/Storage/hadoop-2.7.6/share/hadoop/hdfs/lib/jackson-core-asl-1.9.13.jar:/Users/yoosj/Desktop/datapipe/venv1/Storage/hadoop-2.7.6/share/hadoop/hdfs/lib/jersey-core-1.9.jar:/Users/yoosj/Desktop/datapipe/venv1/Storage/hadoop-2.7.6/share/hadoop/hdfs/lib/commons-codec-1.4.jar:/Users/yoosj/Desktop/datapipe/venv1/Storage/hadoop-2.7.6/share/hadoop/hdfs/lib/netty-3.6.2.Final.jar:/Users/yoosj/Desktop/datapipe/venv1/Storage/hadoop-2.7.6/share/hadoop/hdfs/lib/jetty-6.1.26.jar:/Users/yoosj/Desktop/datapipe/venv1/Storage/hadoop-2.7.6/share/hadoop/hdfs/lib/jersey-server-1.9.jar:/Users/yoosj/Desktop/datapipe/venv1/Storage/hadoop-2.7.6/share/hadoop/hdfs/lib/asm-3.2.jar:/Users/yoosj/Desktop/datapipe/venv1/Storage/hadoop-2.7.6/share/hadoop/hdfs/lib/commons-lang-2.6.jar:/Users/yoosj/Desktop/datapipe/venv1/Storage/hadoop-2.7.6/share/hadoop/hdfs/lib/leveldbjni-all-1.8.jar:/Users/yoosj/Desktop/datapipe/venv1/Storage/hadoop-2.7.6/share/hadoop/hdfs/lib/jackson-mapper-asl-1.9.13.jar:/Users/yoosj/Desktop/datapipe/venv1/Storage/hadoop-2.7.6/share/hadoop/hdfs/lib/netty-all-4.0.23.Final.jar:/Users/yoosj/Desktop/datapipe/venv1/Storage/hadoop-2.7.6/share/hadoop/hdfs/lib/commons-daemon-1.0.13.jar:/Users/yoosj/Desktop/datapipe/venv1/Storage/hadoop-2.7.6/share/hadoop/hdfs/lib/htrace-core-3.1.0-incubating.jar:/Users/yoosj/Desktop/datapipe/venv1/Storage/hadoop-2.7.6/share/hadoop/hdfs/lib/jsr305-3.0.0.jar:/Users/yoosj/Desktop/datapipe/venv1/Storage/hadoop-2.7.6/share/hadoop/hdfs/hadoop-hdfs-2.7.6.jar:/Users/yoosj/Desktop/datapipe/venv1/Storage/hadoop-2.7.6/share/hadoop/hdfs/hadoop-hdfs-2.7.6-tests.jar:/Users/yoosj/Desktop/datapipe/venv1/Storage/hadoop-2.7.6/share/hadoop/hdfs/hadoop-hdfs-nfs-2.7.6.jar:/Users/yoosj/Desktop/datapipe/venv1/Storage/hadoop-2.7.6/share/hadoop/yarn/lib/jaxb-impl-2.2.3-1.jar:/Users/yoosj/Desktop/datapipe/venv1/Storage/hadoop-2.7.6/share/hadoop/yarn/lib/activation-1.1.jar:/Users/yoosj/Desktop/datapipe/venv1/Storage/hadoop-2.7.6/share/hadoop/yarn/lib/zookeeper-3.4.6-tests.jar:/Users/yoosj/Desktop/datapipe/venv1/Storage/hadoop-2.7.6/share/hadoop/yarn/lib/aopalliance-1.0.jar:/Users/yoosj/Desktop/datapipe/venv1/Storage/hadoop-2.7.6/share/hadoop/yarn/lib/guice-servlet-3.0.jar:/Users/yoosj/Desktop/datapipe/venv1/Storage/hadoop-2.7.6/share/hadoop/yarn/lib/xz-1.0.jar:/Users/yoosj/Desktop/datapipe/venv1/Storage/hadoop-2.7.6/share/hadoop/yarn/lib/stax-api-1.0-2.jar:/Users/yoosj/Desktop/datapipe/venv1/Storage/hadoop-2.7.6/share/hadoop/yarn/lib/jaxb-api-2.2.2.jar:/Users/yoosj/Desktop/datapipe/venv1/Storage/hadoop-2.7.6/share/hadoop/yarn/lib/jackson-jaxrs-1.9.13.jar:/Users/yoosj/Desktop/datapipe/venv1/Storage/hadoop-2.7.6/share/hadoop/yarn/lib/commons-logging-1.1.3.jar:/Users/yoosj/Desktop/datapipe/venv1/Storage/hadoop-2.7.6/share/hadoop/yarn/lib/jersey-json-1.9.jar:/Users/yoosj/Desktop/datapipe/venv1/Storage/hadoop-2.7.6/share/hadoop/yarn/lib/log4j-1.2.17.jar:/Users/yoosj/Desktop/datapipe/venv1/Storage/hadoop-2.7.6/share/hadoop/yarn/lib/commons-cli-1.2.jar:/Users/yoosj/Desktop/datapipe/venv1/Storage/hadoop-2.7.6/share/hadoop/yarn/lib/servlet-api-2.5.jar:/Users/yoosj/Desktop/datapipe/venv1/Storage/hadoop-2.7.6/share/hadoop/yarn/lib/protobuf-java-2.5.0.jar:/Users/yoosj/Desktop/datapipe/venv1/Storage/hadoop-2.7.6/share/hadoop/yarn/lib/jackson-xc-1.9.13.jar:/Users/yoosj/Desktop/datapipe/venv1/Storage/hadoop-2.7.6/share/hadoop/yarn/lib/jetty-util-6.1.26.jar:/Users/yoosj/Desktop/datapipe/venv1/Storage/hadoop-2.7.6/share/hadoop/yarn/lib/guava-11.0.2.jar:/Users/yoosj/Desktop/datapipe/venv1/Storage/hadoop-2.7.6/share/hadoop/yarn/lib/commons-compress-1.4.1.jar:/Users/yoosj/Desktop/datapipe/venv1/Storage/hadoop-2.7.6/share/hadoop/yarn/lib/commons-io-2.4.jar:/Users/yoosj/Desktop/datapipe/venv1/Storage/hadoop-2.7.6/share/hadoop/yarn/lib/jackson-core-asl-1.9.13.jar:/Users/yoosj/Desktop/datapipe/venv1/Storage/hadoop-2.7.6/share/hadoop/yarn/lib/jersey-core-1.9.jar:/Users/yoosj/Desktop/datapipe/venv1/Storage/hadoop-2.7.6/share/hadoop/yarn/lib/commons-codec-1.4.jar:/Users/yoosj/Desktop/datapipe/venv1/Storage/hadoop-2.7.6/share/hadoop/yarn/lib/netty-3.6.2.Final.jar:/Users/yoosj/Desktop/datapipe/venv1/Storage/hadoop-2.7.6/share/hadoop/yarn/lib/jetty-6.1.26.jar:/Users/yoosj/Desktop/datapipe/venv1/Storage/hadoop-2.7.6/share/hadoop/yarn/lib/jersey-server-1.9.jar:/Users/yoosj/Desktop/datapipe/venv1/Storage/hadoop-2.7.6/share/hadoop/yarn/lib/guice-3.0.jar:/Users/yoosj/Desktop/datapipe/venv1/Storage/hadoop-2.7.6/share/hadoop/yarn/lib/jersey-client-1.9.jar:/Users/yoosj/Desktop/datapipe/venv1/Storage/hadoop-2.7.6/share/hadoop/yarn/lib/jersey-guice-1.9.jar:/Users/yoosj/Desktop/datapipe/venv1/Storage/hadoop-2.7.6/share/hadoop/yarn/lib/zookeeper-3.4.6.jar:/Users/yoosj/Desktop/datapipe/venv1/Storage/hadoop-2.7.6/share/hadoop/yarn/lib/commons-collections-3.2.2.jar:/Users/yoosj/Desktop/datapipe/venv1/Storage/hadoop-2.7.6/share/hadoop/yarn/lib/jettison-1.1.jar:/Users/yoosj/Desktop/datapipe/venv1/Storage/hadoop-2.7.6/share/hadoop/yarn/lib/asm-3.2.jar:/Users/yoosj/Desktop/datapipe/venv1/Storage/hadoop-2.7.6/share/hadoop/yarn/lib/commons-lang-2.6.jar:/Users/yoosj/Desktop/datapipe/venv1/Storage/hadoop-2.7.6/share/hadoop/yarn/lib/leveldbjni-all-1.8.jar:/Users/yoosj/Desktop/datapipe/venv1/Storage/hadoop-2.7.6/share/hadoop/yarn/lib/jackson-mapper-asl-1.9.13.jar:/Users/yoosj/Desktop/datapipe/venv1/Storage/hadoop-2.7.6/share/hadoop/yarn/lib/javax.inject-1.jar:/Users/yoosj/Desktop/datapipe/venv1/Storage/hadoop-2.7.6/share/hadoop/yarn/lib/jsr305-3.0.0.jar:/Users/yoosj/Desktop/datapipe/venv1/Storage/hadoop-2.7.6/share/hadoop/yarn/hadoop-yarn-server-common-2.7.6.jar:/Users/yoosj/Desktop/datapipe/venv1/Storage/hadoop-2.7.6/share/hadoop/yarn/hadoop-yarn-server-resourcemanager-2.7.6.jar:/Users/yoosj/Desktop/datapipe/venv1/Storage/hadoop-2.7.6/share/hadoop/yarn/hadoop-yarn-client-2.7.6.jar:/Users/yoosj/Desktop/datapipe/venv1/Storage/hadoop-2.7.6/share/hadoop/yarn/hadoop-yarn-common-2.7.6.jar:/Users/yoosj/Desktop/datapipe/venv1/Storage/hadoop-2.7.6/share/hadoop/yarn/hadoop-yarn-server-nodemanager-2.7.6.jar:/Users/yoosj/Desktop/datapipe/venv1/Storage/hadoop-2.7.6/share/hadoop/yarn/hadoop-yarn-server-web-proxy-2.7.6.jar:/Users/yoosj/Desktop/datapipe/venv1/Storage/hadoop-2.7.6/share/hadoop/yarn/hadoop-yarn-server-tests-2.7.6.jar:/Users/yoosj/Desktop/datapipe/venv1/Storage/hadoop-2.7.6/share/hadoop/yarn/hadoop-yarn-api-2.7.6.jar:/Users/yoosj/Desktop/datapipe/venv1/Storage/hadoop-2.7.6/share/hadoop/yarn/hadoop-yarn-server-sharedcachemanager-2.7.6.jar:/Users/yoosj/Desktop/datapipe/venv1/Storage/hadoop-2.7.6/share/hadoop/yarn/hadoop-yarn-registry-2.7.6.jar:/Users/yoosj/Desktop/datapipe/venv1/Storage/hadoop-2.7.6/share/hadoop/yarn/hadoop-yarn-applications-distributedshell-2.7.6.jar:/Users/yoosj/Desktop/datapipe/venv1/Storage/hadoop-2.7.6/share/hadoop/yarn/hadoop-yarn-server-applicationhistoryservice-2.7.6.jar:/Users/yoosj/Desktop/datapipe/venv1/Storage/hadoop-2.7.6/share/hadoop/yarn/hadoop-yarn-applications-unmanaged-am-launcher-2.7.6.jar:/Users/yoosj/Desktop/datapipe/venv1/Storage/hadoop-2.7.6/share/hadoop/mapreduce/lib/hadoop-annotations-2.7.6.jar:/Users/yoosj/Desktop/datapipe/venv1/Storage/hadoop-2.7.6/share/hadoop/mapreduce/lib/aopalliance-1.0.jar:/Users/yoosj/Desktop/datapipe/venv1/Storage/hadoop-2.7.6/share/hadoop/mapreduce/lib/guice-servlet-3.0.jar:/Users/yoosj/Desktop/datapipe/venv1/Storage/hadoop-2.7.6/share/hadoop/mapreduce/lib/xz-1.0.jar:/Users/yoosj/Desktop/datapipe/venv1/Storage/hadoop-2.7.6/share/hadoop/mapreduce/lib/junit-4.11.jar:/Users/yoosj/Desktop/datapipe/venv1/Storage/hadoop-2.7.6/share/hadoop/mapreduce/lib/avro-1.7.4.jar:/Users/yoosj/Desktop/datapipe/venv1/Storage/hadoop-2.7.6/share/hadoop/mapreduce/lib/log4j-1.2.17.jar:/Users/yoosj/Desktop/datapipe/venv1/Storage/hadoop-2.7.6/share/hadoop/mapreduce/lib/protobuf-java-2.5.0.jar:/Users/yoosj/Desktop/datapipe/venv1/Storage/hadoop-2.7.6/share/hadoop/mapreduce/lib/commons-compress-1.4.1.jar:/Users/yoosj/Desktop/datapipe/venv1/Storage/hadoop-2.7.6/share/hadoop/mapreduce/lib/commons-io-2.4.jar:/Users/yoosj/Desktop/datapipe/venv1/Storage/hadoop-2.7.6/share/hadoop/mapreduce/lib/jackson-core-asl-1.9.13.jar:/Users/yoosj/Desktop/datapipe/venv1/Storage/hadoop-2.7.6/share/hadoop/mapreduce/lib/jersey-core-1.9.jar:/Users/yoosj/Desktop/datapipe/venv1/Storage/hadoop-2.7.6/share/hadoop/mapreduce/lib/netty-3.6.2.Final.jar:/Users/yoosj/Desktop/datapipe/venv1/Storage/hadoop-2.7.6/share/hadoop/mapreduce/lib/jersey-server-1.9.jar:/Users/yoosj/Desktop/datapipe/venv1/Storage/hadoop-2.7.6/share/hadoop/mapreduce/lib/guice-3.0.jar:/Users/yoosj/Desktop/datapipe/venv1/Storage/hadoop-2.7.6/share/hadoop/mapreduce/lib/jersey-guice-1.9.jar:/Users/yoosj/Desktop/datapipe/venv1/Storage/hadoop-2.7.6/share/hadoop/mapreduce/lib/paranamer-2.3.jar:/Users/yoosj/Desktop/datapipe/venv1/Storage/hadoop-2.7.6/share/hadoop/mapreduce/lib/asm-3.2.jar:/Users/yoosj/Desktop/datapipe/venv1/Storage/hadoop-2.7.6/share/hadoop/mapreduce/lib/hamcrest-core-1.3.jar:/Users/yoosj/Desktop/datapipe/venv1/Storage/hadoop-2.7.6/share/hadoop/mapreduce/lib/leveldbjni-all-1.8.jar:/Users/yoosj/Desktop/datapipe/venv1/Storage/hadoop-2.7.6/share/hadoop/mapreduce/lib/snappy-java-1.0.4.1.jar:/Users/yoosj/Desktop/datapipe/venv1/Storage/hadoop-2.7.6/share/hadoop/mapreduce/lib/jackson-mapper-asl-1.9.13.jar:/Users/yoosj/Desktop/datapipe/venv1/Storage/hadoop-2.7.6/share/hadoop/mapreduce/lib/javax.inject-1.jar:/Users/yoosj/Desktop/datapipe/venv1/Storage/hadoop-2.7.6/share/hadoop/mapreduce/hadoop-mapreduce-client-jobclient-2.7.6.jar:/Users/yoosj/Desktop/datapipe/venv1/Storage/hadoop-2.7.6/share/hadoop/mapreduce/hadoop-mapreduce-client-common-2.7.6.jar:/Users/yoosj/Desktop/datapipe/venv1/Storage/hadoop-2.7.6/share/hadoop/mapreduce/hadoop-mapreduce-client-shuffle-2.7.6.jar:/Users/yoosj/Desktop/datapipe/venv1/Storage/hadoop-2.7.6/share/hadoop/mapreduce/hadoop-mapreduce-client-hs-2.7.6.jar:/Users/yoosj/Desktop/datapipe/venv1/Storage/hadoop-2.7.6/share/hadoop/mapreduce/hadoop-mapreduce-client-core-2.7.6.jar:/Users/yoosj/Desktop/datapipe/venv1/Storage/hadoop-2.7.6/share/hadoop/mapreduce/hadoop-mapreduce-examples-2.7.6.jar:/Users/yoosj/Desktop/datapipe/venv1/Storage/hadoop-2.7.6/share/hadoop/mapreduce/hadoop-mapreduce-client-app-2.7.6.jar:/Users/yoosj/Desktop/datapipe/venv1/Storage/hadoop-2.7.6/share/hadoop/mapreduce/hadoop-mapreduce-client-jobclient-2.7.6-tests.jar:/Users/yoosj/Desktop/datapipe/venv1/Storage/hadoop-2.7.6/share/hadoop/mapreduce/hadoop-mapreduce-client-hs-plugins-2.7.6.jar:/Users/yoosj/Desktop/datapipe/venv1/Storage/hadoop-2.7.6//contrib/capacity-scheduler/*.jar:/Users/yoosj/Desktop/datapipe/venv1/Storage/hadoop-2.7.6//contrib/capacity-scheduler/*.jar:/Users/yoosj/Desktop/datapipe/venv1/Storage/hadoop-2.7.6//contrib/capacity-scheduler/*.jar
STARTUP_MSG:   build = https://shv@git-wip-us.apache.org/repos/asf/hadoop.git -r 085099c66cf28be31604560c376fa282e69282b8; compiled by 'kshvachk' on 2018-04-18T01:33Z
STARTUP_MSG:   java = 1.8.0_432
************************************************************/
2024-10-27 23:27:05,821 INFO org.apache.hadoop.hdfs.server.namenode.NameNode: registered UNIX signal handlers for [TERM, HUP, INT]
2024-10-27 23:27:05,831 INFO org.apache.hadoop.hdfs.server.namenode.NameNode: createNameNode []
2024-10-27 23:27:06,136 INFO org.apache.hadoop.metrics2.impl.MetricsConfig: loaded properties from hadoop-metrics2.properties
2024-10-27 23:27:06,260 INFO org.apache.hadoop.metrics2.impl.MetricsSystemImpl: Scheduled snapshot period at 10 second(s).
2024-10-27 23:27:06,261 INFO org.apache.hadoop.metrics2.impl.MetricsSystemImpl: NameNode metrics system started
2024-10-27 23:27:06,266 INFO org.apache.hadoop.hdfs.server.namenode.NameNode: fs.defaultFS is hdfs://localhost:9000
2024-10-27 23:27:06,266 INFO org.apache.hadoop.hdfs.server.namenode.NameNode: Clients are to use localhost:9000 to access this namenode/service.
2024-10-27 23:27:06,336 WARN org.apache.hadoop.util.NativeCodeLoader: Unable to load native-hadoop library for your platform... using builtin-java classes where applicable
2024-10-27 23:27:06,489 INFO org.apache.hadoop.hdfs.DFSUtil: Starting Web-server for hdfs at: http://0.0.0.0:50070
2024-10-27 23:27:06,537 INFO org.mortbay.log: Logging to org.slf4j.impl.Log4jLoggerAdapter(org.mortbay.log) via org.mortbay.log.Slf4jLog
2024-10-27 23:27:06,543 INFO org.apache.hadoop.security.authentication.server.AuthenticationFilter: Unable to initialize FileSignerSecretProvider, falling back to use random secrets.
2024-10-27 23:27:06,557 INFO org.apache.hadoop.http.HttpRequestLog: Http request log for http.requests.namenode is not defined
2024-10-27 23:27:06,562 INFO org.apache.hadoop.http.HttpServer2: Added global filter 'safety' (class=org.apache.hadoop.http.HttpServer2$QuotingInputFilter)
2024-10-27 23:27:06,563 INFO org.apache.hadoop.http.HttpServer2: Added filter static_user_filter (class=org.apache.hadoop.http.lib.StaticUserWebFilter$StaticUserFilter) to context hdfs
2024-10-27 23:27:06,564 INFO org.apache.hadoop.http.HttpServer2: Added filter static_user_filter (class=org.apache.hadoop.http.lib.StaticUserWebFilter$StaticUserFilter) to context static
2024-10-27 23:27:06,564 INFO org.apache.hadoop.http.HttpServer2: Added filter static_user_filter (class=org.apache.hadoop.http.lib.StaticUserWebFilter$StaticUserFilter) to context logs
2024-10-27 23:27:06,705 INFO org.apache.hadoop.http.HttpServer2: Added filter 'org.apache.hadoop.hdfs.web.AuthFilter' (class=org.apache.hadoop.hdfs.web.AuthFilter)
2024-10-27 23:27:06,707 INFO org.apache.hadoop.http.HttpServer2: addJerseyResourcePackage: packageName=org.apache.hadoop.hdfs.server.namenode.web.resources;org.apache.hadoop.hdfs.web.resources, pathSpec=/webhdfs/v1/*
2024-10-27 23:27:06,730 INFO org.apache.hadoop.http.HttpServer2: Jetty bound to port 50070
2024-10-27 23:27:06,730 INFO org.mortbay.log: jetty-6.1.26
2024-10-27 23:27:06,872 INFO org.mortbay.log: Started HttpServer2$SelectChannelConnectorWithSafeStartup@0.0.0.0:50070
2024-10-27 23:27:06,889 WARN org.apache.hadoop.hdfs.server.namenode.FSNamesystem: Only one image storage directory (dfs.namenode.name.dir) configured. Beware of data loss due to lack of redundant storage directories!
2024-10-27 23:27:06,890 WARN org.apache.hadoop.hdfs.server.namenode.FSNamesystem: Only one namespace edits storage directory (dfs.namenode.edits.dir) configured. Beware of data loss due to lack of redundant storage directories!
2024-10-27 23:27:06,910 INFO org.apache.hadoop.hdfs.server.namenode.FSNamesystem: No KeyProvider found.
2024-10-27 23:27:06,910 INFO org.apache.hadoop.hdfs.server.namenode.FSNamesystem: fsLock is fair: true
2024-10-27 23:27:06,911 INFO org.apache.hadoop.hdfs.server.namenode.FSNamesystem: Detailed lock hold time metrics enabled: false
2024-10-27 23:27:06,938 INFO org.apache.hadoop.hdfs.server.blockmanagement.DatanodeManager: dfs.block.invalidate.limit=1000
2024-10-27 23:27:06,939 INFO org.apache.hadoop.hdfs.server.blockmanagement.DatanodeManager: dfs.namenode.datanode.registration.ip-hostname-check=true
2024-10-27 23:27:06,939 INFO org.apache.hadoop.hdfs.server.blockmanagement.BlockManager: dfs.namenode.startup.delay.block.deletion.sec is set to 000:00:00:00.000
2024-10-27 23:27:06,940 INFO org.apache.hadoop.hdfs.server.blockmanagement.BlockManager: The block deletion will start around 2024 Oct 27 23:27:06
2024-10-27 23:27:06,941 INFO org.apache.hadoop.util.GSet: Computing capacity for map BlocksMap
2024-10-27 23:27:06,941 INFO org.apache.hadoop.util.GSet: VM type       = 64-bit
2024-10-27 23:27:06,942 INFO org.apache.hadoop.util.GSet: 2.0% max memory 889 MB = 17.8 MB
2024-10-27 23:27:06,942 INFO org.apache.hadoop.util.GSet: capacity      = 2^21 = 2097152 entries
2024-10-27 23:27:06,945 INFO org.apache.hadoop.hdfs.server.blockmanagement.BlockManager: dfs.block.access.token.enable=false
2024-10-27 23:27:06,945 INFO org.apache.hadoop.hdfs.server.blockmanagement.BlockManager: defaultReplication         = 1
2024-10-27 23:27:06,946 INFO org.apache.hadoop.hdfs.server.blockmanagement.BlockManager: maxReplication             = 512
2024-10-27 23:27:06,946 INFO org.apache.hadoop.hdfs.server.blockmanagement.BlockManager: minReplication             = 1
2024-10-27 23:27:06,946 INFO org.apache.hadoop.hdfs.server.blockmanagement.BlockManager: maxReplicationStreams      = 2
2024-10-27 23:27:06,946 INFO org.apache.hadoop.hdfs.server.blockmanagement.BlockManager: replicationRecheckInterval = 3000
2024-10-27 23:27:06,946 INFO org.apache.hadoop.hdfs.server.blockmanagement.BlockManager: encryptDataTransfer        = false
2024-10-27 23:27:06,946 INFO org.apache.hadoop.hdfs.server.blockmanagement.BlockManager: maxNumBlocksToLog          = 1000
2024-10-27 23:27:06,953 INFO org.apache.hadoop.hdfs.server.namenode.FSNamesystem: fsOwner             = yoosj (auth:SIMPLE)
2024-10-27 23:27:06,953 INFO org.apache.hadoop.hdfs.server.namenode.FSNamesystem: supergroup          = supergroup
2024-10-27 23:27:06,953 INFO org.apache.hadoop.hdfs.server.namenode.FSNamesystem: isPermissionEnabled = true
2024-10-27 23:27:06,953 INFO org.apache.hadoop.hdfs.server.namenode.FSNamesystem: HA Enabled: false
2024-10-27 23:27:06,954 INFO org.apache.hadoop.hdfs.server.namenode.FSNamesystem: Append Enabled: true
2024-10-27 23:27:07,025 INFO org.apache.hadoop.util.GSet: Computing capacity for map INodeMap
2024-10-27 23:27:07,025 INFO org.apache.hadoop.util.GSet: VM type       = 64-bit
2024-10-27 23:27:07,026 INFO org.apache.hadoop.util.GSet: 1.0% max memory 889 MB = 8.9 MB
2024-10-27 23:27:07,026 INFO org.apache.hadoop.util.GSet: capacity      = 2^20 = 1048576 entries
2024-10-27 23:27:07,047 INFO org.apache.hadoop.hdfs.server.namenode.FSDirectory: ACLs enabled? false
2024-10-27 23:27:07,048 INFO org.apache.hadoop.hdfs.server.namenode.FSDirectory: XAttrs enabled? true
2024-10-27 23:27:07,048 INFO org.apache.hadoop.hdfs.server.namenode.FSDirectory: Maximum size of an xattr: 16384
2024-10-27 23:27:07,048 INFO org.apache.hadoop.hdfs.server.namenode.NameNode: Caching file names occuring more than 10 times
2024-10-27 23:27:07,064 INFO org.apache.hadoop.util.GSet: Computing capacity for map cachedBlocks
2024-10-27 23:27:07,064 INFO org.apache.hadoop.util.GSet: VM type       = 64-bit
2024-10-27 23:27:07,065 INFO org.apache.hadoop.util.GSet: 0.25% max memory 889 MB = 2.2 MB
2024-10-27 23:27:07,065 INFO org.apache.hadoop.util.GSet: capacity      = 2^18 = 262144 entries
2024-10-27 23:27:07,066 INFO org.apache.hadoop.hdfs.server.namenode.FSNamesystem: dfs.namenode.safemode.threshold-pct = 0.9990000128746033
2024-10-27 23:27:07,066 INFO org.apache.hadoop.hdfs.server.namenode.FSNamesystem: dfs.namenode.safemode.min.datanodes = 0
2024-10-27 23:27:07,066 INFO org.apache.hadoop.hdfs.server.namenode.FSNamesystem: dfs.namenode.safemode.extension     = 30000
2024-10-27 23:27:07,068 INFO org.apache.hadoop.hdfs.server.namenode.top.metrics.TopMetrics: NNTop conf: dfs.namenode.top.window.num.buckets = 10
2024-10-27 23:27:07,068 INFO org.apache.hadoop.hdfs.server.namenode.top.metrics.TopMetrics: NNTop conf: dfs.namenode.top.num.users = 10
2024-10-27 23:27:07,068 INFO org.apache.hadoop.hdfs.server.namenode.top.metrics.TopMetrics: NNTop conf: dfs.namenode.top.windows.minutes = 1,5,25
2024-10-27 23:27:07,073 INFO org.apache.hadoop.hdfs.server.namenode.FSNamesystem: Retry cache on namenode is enabled
2024-10-27 23:27:07,074 INFO org.apache.hadoop.hdfs.server.namenode.FSNamesystem: Retry cache will use 0.03 of total heap and retry cache entry expiry time is 600000 millis
2024-10-27 23:27:07,075 INFO org.apache.hadoop.util.GSet: Computing capacity for map NameNodeRetryCache
2024-10-27 23:27:07,075 INFO org.apache.hadoop.util.GSet: VM type       = 64-bit
2024-10-27 23:27:07,076 INFO org.apache.hadoop.util.GSet: 0.029999999329447746% max memory 889 MB = 273.1 KB
2024-10-27 23:27:07,076 INFO org.apache.hadoop.util.GSet: capacity      = 2^15 = 32768 entries
2024-10-27 23:27:07,087 INFO org.apache.hadoop.hdfs.server.common.Storage: Lock on /tmp/hadoop-yoosj/dfs/name/in_use.lock acquired by nodename 47788@yuseungjaeui-MacBookPro.local
2024-10-27 23:27:07,188 INFO org.apache.hadoop.hdfs.server.namenode.FileJournalManager: Recovering unfinalized segments in /tmp/hadoop-yoosj/dfs/name/current
2024-10-27 23:27:07,189 INFO org.apache.hadoop.hdfs.server.namenode.FSImage: No edit log streams selected.
2024-10-27 23:27:07,190 INFO org.apache.hadoop.hdfs.server.namenode.FSImage: Planning to load image: FSImageFile(file=/tmp/hadoop-yoosj/dfs/name/current/fsimage_0000000000000000000, cpktTxId=0000000000000000000)
2024-10-27 23:27:07,212 INFO org.apache.hadoop.hdfs.server.namenode.FSImageFormatPBINode: Loading 1 INodes.
2024-10-27 23:27:07,277 INFO org.apache.hadoop.hdfs.server.namenode.FSImageFormatProtobuf: Loaded FSImage in 0 seconds.
2024-10-27 23:27:07,277 INFO org.apache.hadoop.hdfs.server.namenode.FSImage: Loaded image for txid 0 from /tmp/hadoop-yoosj/dfs/name/current/fsimage_0000000000000000000
2024-10-27 23:27:07,281 INFO org.apache.hadoop.hdfs.server.namenode.FSImage: Initializing quota with 4 thread(s)
2024-10-27 23:27:07,286 INFO org.apache.hadoop.hdfs.server.namenode.FSImage: Quota initialization completed in 5 milliseconds
name space=1
storage space=0
storage types=RAM_DISK=0, SSD=0, DISK=0, ARCHIVE=0
2024-10-27 23:27:07,287 INFO org.apache.hadoop.hdfs.server.namenode.FSNamesystem: Need to save fs image? false (staleImage=false, haEnabled=false, isRollingUpgrade=false)
2024-10-27 23:27:07,288 INFO org.apache.hadoop.hdfs.server.namenode.FSEditLog: Starting log segment at 1
2024-10-27 23:27:07,735 INFO org.apache.hadoop.hdfs.server.namenode.NameCache: initialized with 0 entries 0 lookups
2024-10-27 23:27:07,735 INFO org.apache.hadoop.hdfs.server.namenode.FSNamesystem: Finished loading FSImage in 656 msecs
2024-10-27 23:27:07,841 INFO org.apache.hadoop.hdfs.server.namenode.NameNode: RPC server is binding to localhost:9000
2024-10-27 23:27:07,845 INFO org.apache.hadoop.ipc.CallQueueManager: Using callQueue: class java.util.concurrent.LinkedBlockingQueue queueCapacity: 1000
2024-10-27 23:27:07,856 INFO org.apache.hadoop.ipc.Server: Starting Socket Reader #1 for port 9000
2024-10-27 23:27:07,911 INFO org.apache.hadoop.hdfs.server.namenode.FSNamesystem: Registered FSNamesystemState MBean
2024-10-27 23:27:08,129 INFO org.apache.hadoop.hdfs.server.namenode.LeaseManager: Number of blocks under construction: 0
2024-10-27 23:27:08,129 INFO org.apache.hadoop.hdfs.server.namenode.LeaseManager: Number of blocks under construction: 0
2024-10-27 23:27:08,129 INFO org.apache.hadoop.hdfs.server.namenode.FSNamesystem: initializing replication queues
2024-10-27 23:27:08,129 INFO org.apache.hadoop.hdfs.StateChange: STATE* Leaving safe mode after 1 secs
2024-10-27 23:27:08,130 INFO org.apache.hadoop.hdfs.StateChange: STATE* Network topology has 0 racks and 0 datanodes
2024-10-27 23:27:08,130 INFO org.apache.hadoop.hdfs.StateChange: STATE* UnderReplicatedBlocks has 0 blocks
2024-10-27 23:27:08,154 INFO org.apache.hadoop.hdfs.server.blockmanagement.DatanodeDescriptor: Number of failed storage changes from 0 to 0
2024-10-27 23:27:08,155 INFO org.apache.hadoop.hdfs.server.blockmanagement.BlockManager: Total number of blocks            = 0
2024-10-27 23:27:08,155 INFO org.apache.hadoop.hdfs.server.blockmanagement.BlockManager: Number of invalid blocks          = 0
2024-10-27 23:27:08,155 INFO org.apache.hadoop.hdfs.server.blockmanagement.BlockManager: Number of under-replicated blocks = 0
2024-10-27 23:27:08,156 INFO org.apache.hadoop.hdfs.server.blockmanagement.BlockManager: Number of  over-replicated blocks = 0
2024-10-27 23:27:08,156 INFO org.apache.hadoop.hdfs.server.blockmanagement.BlockManager: Number of blocks being written    = 0
2024-10-27 23:27:08,156 INFO org.apache.hadoop.hdfs.StateChange: STATE* Replication Queue initialization scan for invalid, over- and under-replicated blocks completed in 26 msec
2024-10-27 23:27:08,187 INFO org.apache.hadoop.ipc.Server: IPC Server Responder: starting
2024-10-27 23:27:08,187 INFO org.apache.hadoop.ipc.Server: IPC Server listener on 9000: starting
2024-10-27 23:27:08,189 INFO org.apache.hadoop.hdfs.server.namenode.NameNode: NameNode RPC up at: localhost/127.0.0.1:9000
2024-10-27 23:27:08,189 INFO org.apache.hadoop.hdfs.server.namenode.FSNamesystem: Starting services required for active state
2024-10-27 23:27:08,191 INFO org.apache.hadoop.hdfs.server.blockmanagement.CacheReplicationMonitor: Starting CacheReplicationMonitor with interval 30000 milliseconds
2024-10-27 23:27:12,484 INFO org.apache.hadoop.hdfs.StateChange: BLOCK* registerDatanode: from DatanodeRegistration(127.0.0.1:50010, datanodeUuid=f62902ba-54c0-4f9a-a5be-48b559fe409f, infoPort=50075, infoSecurePort=0, ipcPort=50020, storageInfo=lv=-56;cid=CID-00f9711e-5343-4d41-b10a-6954ec82e29d;nsid=934597469;c=0) storage f62902ba-54c0-4f9a-a5be-48b559fe409f
2024-10-27 23:27:12,484 INFO org.apache.hadoop.hdfs.server.blockmanagement.DatanodeDescriptor: Number of failed storage changes from 0 to 0
2024-10-27 23:27:12,485 INFO org.apache.hadoop.net.NetworkTopology: Adding a new node: /default-rack/127.0.0.1:50010
2024-10-27 23:27:12,546 INFO org.apache.hadoop.hdfs.server.blockmanagement.DatanodeDescriptor: Number of failed storage changes from 0 to 0
2024-10-27 23:27:12,546 INFO org.apache.hadoop.hdfs.server.blockmanagement.DatanodeDescriptor: Adding new storage ID DS-7ec8d978-cac5-4a40-99f9-508b27f0724c for DN 127.0.0.1:50010
2024-10-27 23:27:12,576 INFO BlockStateChange: BLOCK* processReport 0x1ee1fb432af0: from storage DS-7ec8d978-cac5-4a40-99f9-508b27f0724c node DatanodeRegistration(127.0.0.1:50010, datanodeUuid=f62902ba-54c0-4f9a-a5be-48b559fe409f, infoPort=50075, infoSecurePort=0, ipcPort=50020, storageInfo=lv=-56;cid=CID-00f9711e-5343-4d41-b10a-6954ec82e29d;nsid=934597469;c=0), blocks: 0, hasStaleStorage: false, processing time: 1 msecs
2024-10-27 23:28:35,440 INFO org.apache.hadoop.hdfs.server.namenode.FSNamesystem: Roll Edit Log from 127.0.0.1
2024-10-27 23:28:35,441 INFO org.apache.hadoop.hdfs.server.namenode.FSEditLog: Rolling edit logs
2024-10-27 23:28:35,441 INFO org.apache.hadoop.hdfs.server.namenode.FSEditLog: Ending log segment 1
2024-10-27 23:28:35,442 INFO org.apache.hadoop.hdfs.server.namenode.FSEditLog: Number of transactions: 2 Total time for transactions(ms): 1 Number of transactions batched in Syncs: 0 Number of syncs: 2 SyncTimes(ms): 1 
2024-10-27 23:28:35,442 INFO org.apache.hadoop.hdfs.server.namenode.FSEditLog: Number of transactions: 2 Total time for transactions(ms): 1 Number of transactions batched in Syncs: 0 Number of syncs: 3 SyncTimes(ms): 1 
2024-10-27 23:28:35,446 INFO org.apache.hadoop.hdfs.server.namenode.FileJournalManager: Finalizing edits file /tmp/hadoop-yoosj/dfs/name/current/edits_inprogress_0000000000000000001 -> /tmp/hadoop-yoosj/dfs/name/current/edits_0000000000000000001-0000000000000000002
2024-10-27 23:28:35,448 INFO org.apache.hadoop.hdfs.server.namenode.FSEditLog: Starting log segment at 3
2024-10-27 23:28:36,399 INFO org.apache.hadoop.hdfs.server.namenode.TransferFsImage: Transfer took 0.00s at 0.00 KB/s
2024-10-27 23:28:36,401 INFO org.apache.hadoop.hdfs.server.namenode.TransferFsImage: Downloaded file fsimage.ckpt_0000000000000000002 size 322 bytes.
2024-10-27 23:28:36,411 INFO org.apache.hadoop.hdfs.server.namenode.NNStorageRetentionManager: Going to retain 2 images with txid >= 0
2024-10-28 00:10:06,828 INFO org.apache.hadoop.hdfs.server.namenode.FSEditLog: Number of transactions: 3 Total time for transactions(ms): 21 Number of transactions batched in Syncs: 0 Number of syncs: 2 SyncTimes(ms): 1 
